# JRE version: OpenJDK Runtime Environment Temurin-21.0.10+7 (21.0.10+7) (build 21.0.10+7-LTS)
# Java VM: OpenJDK 64-Bit Server VM Temurin-21.0.10+7 (21.0.10+7-LTS, mixed mode, sharing, tiered, compressed oops, compressed class ptrs, parallel gc, windows-amd64)
GC Precious Log:
 CardTable entry size: 512
 CPUs: 8 total, 8 available
 Memory: 8017M
 Large Page Support: Disabled
 NUMA Support: Disabled
 Compressed Oops: Enabled (32-bit)
 Alignments: Space 512K, Generation 512K, Heap 2M
 Heap Min Capacity: 100M
 Heap Initial Capacity: 100M
 Heap Max Capacity: 2G
 Pre-touch: Disabled
 Parallel Workers: 8
Heap:
 PSYoungGen      total 2560K, used 1916K [0x00000000d5580000, 0x00000000d5d80000, 0x0000000100000000)
  eden space 2048K, 82% used [0x00000000d5580000,0x00000000d5727318,0x00000000d5780000)
  from space 512K, 43% used [0x00000000d5d00000,0x00000000d5d38000,0x00000000d5d80000)
  to   space 512K, 0% used [0x00000000d5c80000,0x00000000d5c80000,0x00000000d5d00000)
 ParOldGen       total 684032K, used 251258K [0x0000000080000000, 0x00000000a9c00000, 0x00000000d5580000)
  object space 684032K, 36% used [0x0000000080000000,0x000000008f55e858,0x00000000a9c00000)
 Metaspace       used 89738K, committed 91456K, reserved 1179648K
  class space    used 9478K, committed 10240K, reserved 1048576K
GC Heap History (20 events):
Event: 176919.759 GC heap before
{Heap before GC invocations=757 (full 4):
 PSYoungGen      total 2560K, used 2336K [0x00000000d5580000, 0x00000000d5d80000, 0x0000000100000000)
  eden space 2048K, 100% used [0x00000000d5580000,0x00000000d5780000,0x00000000d5780000)
  from space 512K, 56% used [0x00000000d5d00000,0x00000000d5d48000,0x00000000d5d80000)
  to   space 512K, 0% used [0x00000000d5c80000,0x00000000d5c80000,0x00000000d5d00000)
 ParOldGen       total 684032K, used 250953K [0x0000000080000000, 0x00000000a9c00000, 0x00000000d5580000)
  object space 684032K, 36% used [0x0000000080000000,0x000000008f5127f8,0x00000000a9c00000)
 Metaspace       used 89734K, committed 91456K, reserved 1179648K
  class space    used 9478K, committed 10240K, reserved 1048576K
}
Event: 176919.763 GC heap after
{Heap after GC invocations=757 (full 4):
 PSYoungGen      total 2560K, used 256K [0x00000000d5580000, 0x00000000d5d80000, 0x0000000100000000)
  eden space 2048K, 0% used [0x00000000d5580000,0x00000000d5580000,0x00000000d5780000)
  from space 512K, 50% used [0x00000000d5c80000,0x00000000d5cc0000,0x00000000d5d00000)
  to   space 512K, 0% used [0x00000000d5d00000,0x00000000d5d00000,0x00000000d5d80000)
 ParOldGen       total 684032K, used 251041K [0x0000000080000000, 0x00000000a9c00000, 0x00000000d5580000)
  object space 684032K, 36% used [0x0000000080000000,0x000000008f5287f8,0x00000000a9c00000)
 Metaspace       used 89734K, committed 91456K, reserved 1179648K
  class space    used 9478K, committed 10240K, reserved 1048576K
}
Event: 182307.323 GC heap before
{Heap before GC invocations=758 (full 4):
 PSYoungGen      total 2560K, used 2303K [0x00000000d5580000, 0x00000000d5d80000, 0x0000000100000000)
  eden space 2048K, 99% used [0x00000000d5580000,0x00000000d577ffd8,0x00000000d5780000)
  from space 512K, 50% used [0x00000000d5c80000,0x00000000d5cc0000,0x00000000d5d00000)
  to   space 512K, 0% used [0x00000000d5d00000,0x00000000d5d00000,0x00000000d5d80000)
 ParOldGen       total 684032K, used 251041K [0x0000000080000000, 0x00000000a9c00000, 0x00000000d5580000)
  object space 684032K, 36% used [0x0000000080000000,0x000000008f5287f8,0x00000000a9c00000)
 Metaspace       used 89734K, committed 91456K, reserved 1179648K
  class space    used 9478K, committed 10240K, reserved 1048576K
}
Event: 182308.015 GC heap after
{Heap after GC invocations=758 (full 4):
 PSYoungGen      total 2560K, used 224K [0x00000000d5580000, 0x00000000d5d80000, 0x0000000100000000)
  eden space 2048K, 0% used [0x00000000d5580000,0x00000000d5580000,0x00000000d5780000)
  from space 512K, 43% used [0x00000000d5d00000,0x00000000d5d38000,0x00000000d5d80000)
  to   space 512K, 0% used [0x00000000d5c80000,0x00000000d5c80000,0x00000000d5d00000)
 ParOldGen       total 684032K, used 251098K [0x0000000080000000, 0x00000000a9c00000, 0x00000000d5580000)
  object space 684032K, 36% used [0x0000000080000000,0x000000008f536808,0x00000000a9c00000)
 Metaspace       used 89734K, committed 91456K, reserved 1179648K
  class space    used 9478K, committed 10240K, reserved 1048576K
}
Event: 218108.202 GC heap before
{Heap before GC invocations=759 (full 4):
 PSYoungGen      total 2560K, used 2272K [0x00000000d5580000, 0x00000000d5d80000, 0x0000000100000000)
  eden space 2048K, 100% used [0x00000000d5580000,0x00000000d5780000,0x00000000d5780000)
  from space 512K, 43% used [0x00000000d5d00000,0x00000000d5d38000,0x00000000d5d80000)
  to   space 512K, 0% used [0x00000000d5c80000,0x00000000d5c80000,0x00000000d5d00000)
 ParOldGen       total 684032K, used 251098K [0x0000000080000000, 0x00000000a9c00000, 0x00000000d5580000)
  object space 684032K, 36% used [0x0000000080000000,0x000000008f536808,0x00000000a9c00000)
 Metaspace       used 89736K, committed 91456K, reserved 1179648K
  class space    used 9478K, committed 10240K, reserved 1048576K
}
Event: 218108.363 GC heap after
{Heap after GC invocations=759 (full 4):
 PSYoungGen      total 2560K, used 64K [0x00000000d5580000, 0x00000000d5d80000, 0x0000000100000000)
  eden space 2048K, 0% used [0x00000000d5580000,0x00000000d5580000,0x00000000d5780000)
  from space 512K, 12% used [0x00000000d5c80000,0x00000000d5c90000,0x00000000d5d00000)
  to   space 512K, 0% used [0x00000000d5d00000,0x00000000d5d00000,0x00000000d5d80000)
 ParOldGen       total 684032K, used 251218K [0x0000000080000000, 0x00000000a9c00000, 0x00000000d5580000)
  object space 684032K, 36% used [0x0000000080000000,0x000000008f554858,0x00000000a9c00000)
 Metaspace       used 89736K, committed 91456K, reserved 1179648K
  class space    used 9478K, committed 10240K, reserved 1048576K
}
Event: 218108.405 GC heap before
{Heap before GC invocations=760 (full 4):
 PSYoungGen      total 2560K, used 2112K [0x00000000d5580000, 0x00000000d5d80000, 0x0000000100000000)
  eden space 2048K, 100% used [0x00000000d5580000,0x00000000d5780000,0x00000000d5780000)
  from space 512K, 12% used [0x00000000d5c80000,0x00000000d5c90000,0x00000000d5d00000)
  to   space 512K, 0% used [0x00000000d5d00000,0x00000000d5d00000,0x00000000d5d80000)
 ParOldGen       total 684032K, used 251218K [0x0000000080000000, 0x00000000a9c00000, 0x00000000d5580000)
  object space 684032K, 36% used [0x0000000080000000,0x000000008f554858,0x00000000a9c00000)
 Metaspace       used 89736K, committed 91456K, reserved 1179648K
  class space    used 9478K, committed 10240K, reserved 1048576K
}
Event: 218108.406 GC heap after
{Heap after GC invocations=760 (full 4):
 PSYoungGen      total 2560K, used 32K [0x00000000d5580000, 0x00000000d5d80000, 0x0000000100000000)
  eden space 2048K, 0% used [0x00000000d5580000,0x00000000d5580000,0x00000000d5780000)
  from space 512K, 6% used [0x00000000d5d00000,0x00000000d5d08000,0x00000000d5d80000)
  to   space 512K, 0% used [0x00000000d5c80000,0x00000000d5c80000,0x00000000d5d00000)
 ParOldGen       total 684032K, used 251250K [0x0000000080000000, 0x00000000a9c00000, 0x00000000d5580000)
  object space 684032K, 36% used [0x0000000080000000,0x000000008f55c858,0x00000000a9c00000)
 Metaspace       used 89736K, committed 91456K, reserved 1179648K
  class space    used 9478K, committed 10240K, reserved 1048576K
}
Event: 218108.412 GC heap before
{Heap before GC invocations=761 (full 4):
 PSYoungGen      total 2560K, used 2080K [0x00000000d5580000, 0x00000000d5d80000, 0x0000000100000000)
  eden space 2048K, 100% used [0x00000000d5580000,0x00000000d5780000,0x00000000d5780000)
  from space 512K, 6% used [0x00000000d5d00000,0x00000000d5d08000,0x00000000d5d80000)
  to   space 512K, 0% used [0x00000000d5c80000,0x00000000d5c80000,0x00000000d5d00000)
 ParOldGen       total 684032K, used 251250K [0x0000000080000000, 0x00000000a9c00000, 0x00000000d5580000)
  object space 684032K, 36% used [0x0000000080000000,0x000000008f55c858,0x00000000a9c00000)
 Metaspace       used 89736K, committed 91456K, reserved 1179648K
  class space    used 9478K, committed 10240K, reserved 1048576K
}
Event: 218108.413 GC heap after
{Heap after GC invocations=761 (full 4):
 PSYoungGen      total 2560K, used 32K [0x00000000d5580000, 0x00000000d5d80000, 0x0000000100000000)
  eden space 2048K, 0% used [0x00000000d5580000,0x00000000d5580000,0x00000000d5780000)
  from space 512K, 6% used [0x00000000d5c80000,0x00000000d5c88000,0x00000000d5d00000)
  to   space 512K, 0% used [0x00000000d5d00000,0x00000000d5d00000,0x00000000d5d80000)
 ParOldGen       total 684032K, used 251250K [0x0000000080000000, 0x00000000a9c00000, 0x00000000d5580000)
  object space 684032K, 36% used [0x0000000080000000,0x000000008f55c858,0x00000000a9c00000)
 Metaspace       used 89736K, committed 91456K, reserved 1179648K
  class space    used 9478K, committed 10240K, reserved 1048576K
}
Event: 218108.421 GC heap before
{Heap before GC invocations=762 (full 4):
 PSYoungGen      total 2560K, used 2080K [0x00000000d5580000, 0x00000000d5d80000, 0x0000000100000000)
  eden space 2048K, 100% used [0x00000000d5580000,0x00000000d5780000,0x00000000d5780000)
  from space 512K, 6% used [0x00000000d5c80000,0x00000000d5c88000,0x00000000d5d00000)
  to   space 512K, 0% used [0x00000000d5d00000,0x00000000d5d00000,0x00000000d5d80000)
 ParOldGen       total 684032K, used 251250K [0x0000000080000000, 0x00000000a9c00000, 0x00000000d5580000)
  object space 684032K, 36% used [0x0000000080000000,0x000000008f55c858,0x00000000a9c00000)
 Metaspace       used 89736K, committed 91456K, reserved 1179648K
  class space    used 9478K, committed 10240K, reserved 1048576K
}
Event: 218108.422 GC heap after
{Heap after GC invocations=762 (full 4):
 PSYoungGen      total 2560K, used 0K [0x00000000d5580000, 0x00000000d5d80000, 0x0000000100000000)
  eden space 2048K, 0% used [0x00000000d5580000,0x00000000d5580000,0x00000000d5780000)
  from space 512K, 0% used [0x00000000d5d00000,0x00000000d5d00000,0x00000000d5d80000)
  to   space 512K, 0% used [0x00000000d5c80000,0x00000000d5c80000,0x00000000d5d00000)
 ParOldGen       total 684032K, used 251250K [0x0000000080000000, 0x00000000a9c00000, 0x00000000d5580000)
  object space 684032K, 36% used [0x0000000080000000,0x000000008f55c858,0x00000000a9c00000)
 Metaspace       used 89736K, committed 91456K, reserved 1179648K
  class space    used 9478K, committed 10240K, reserved 1048576K
}
Event: 218108.429 GC heap before
{Heap before GC invocations=763 (full 4):
 PSYoungGen      total 2560K, used 2048K [0x00000000d5580000, 0x00000000d5d80000, 0x0000000100000000)
  eden space 2048K, 100% used [0x00000000d5580000,0x00000000d5780000,0x00000000d5780000)
  from space 512K, 0% used [0x00000000d5d00000,0x00000000d5d00000,0x00000000d5d80000)
  to   space 512K, 0% used [0x00000000d5c80000,0x00000000d5c80000,0x00000000d5d00000)
 ParOldGen       total 684032K, used 251250K [0x0000000080000000, 0x00000000a9c00000, 0x00000000d5580000)
  object space 684032K, 36% used [0x0000000080000000,0x000000008f55c858,0x00000000a9c00000)
 Metaspace       used 89736K, committed 91456K, reserved 1179648K
  class space    used 9478K, committed 10240K, reserved 1048576K
}
Event: 218108.430 GC heap after
{Heap after GC invocations=763 (full 4):
 PSYoungGen      total 2560K, used 32K [0x00000000d5580000, 0x00000000d5d80000, 0x0000000100000000)
  eden space 2048K, 0% used [0x00000000d5580000,0x00000000d5580000,0x00000000d5780000)
  from space 512K, 6% used [0x00000000d5c80000,0x00000000d5c88000,0x00000000d5d00000)
  to   space 512K, 0% used [0x00000000d5d00000,0x00000000d5d00000,0x00000000d5d80000)
 ParOldGen       total 684032K, used 251250K [0x0000000080000000, 0x00000000a9c00000, 0x00000000d5580000)
  object space 684032K, 36% used [0x0000000080000000,0x000000008f55c858,0x00000000a9c00000)
 Metaspace       used 89736K, committed 91456K, reserved 1179648K
  class space    used 9478K, committed 10240K, reserved 1048576K
}
Event: 218108.437 GC heap before
{Heap before GC invocations=764 (full 4):
 PSYoungGen      total 2560K, used 2080K [0x00000000d5580000, 0x00000000d5d80000, 0x0000000100000000)
  eden space 2048K, 100% used [0x00000000d5580000,0x00000000d5780000,0x00000000d5780000)
  from space 512K, 6% used [0x00000000d5c80000,0x00000000d5c88000,0x00000000d5d00000)
  to   space 512K, 0% used [0x00000000d5d00000,0x00000000d5d00000,0x00000000d5d80000)
 ParOldGen       total 684032K, used 251250K [0x0000000080000000, 0x00000000a9c00000, 0x00000000d5580000)
  object space 684032K, 36% used [0x0000000080000000,0x000000008f55c858,0x00000000a9c00000)
 Metaspace       used 89736K, committed 91456K, reserved 1179648K
  class space    used 9478K, committed 10240K, reserved 1048576K
}
Event: 218108.438 GC heap after
{Heap after GC invocations=764 (full 4):
 PSYoungGen      total 2560K, used 32K [0x00000000d5580000, 0x00000000d5d80000, 0x0000000100000000)
  eden space 2048K, 0% used [0x00000000d5580000,0x00000000d5580000,0x00000000d5780000)
  from space 512K, 6% used [0x00000000d5d00000,0x00000000d5d08000,0x00000000d5d80000)
  to   space 512K, 0% used [0x00000000d5c80000,0x00000000d5c80000,0x00000000d5d00000)
 ParOldGen       total 684032K, used 251250K [0x0000000080000000, 0x00000000a9c00000, 0x00000000d5580000)
  object space 684032K, 36% used [0x0000000080000000,0x000000008f55c858,0x00000000a9c00000)
 Metaspace       used 89736K, committed 91456K, reserved 1179648K
  class space    used 9478K, committed 10240K, reserved 1048576K
}
Event: 228674.504 GC heap before
{Heap before GC invocations=765 (full 4):
 PSYoungGen      total 2560K, used 2080K [0x00000000d5580000, 0x00000000d5d80000, 0x0000000100000000)
  eden space 2048K, 100% used [0x00000000d5580000,0x00000000d5780000,0x00000000d5780000)
  from space 512K, 6% used [0x00000000d5d00000,0x00000000d5d08000,0x00000000d5d80000)
  to   space 512K, 0% used [0x00000000d5c80000,0x00000000d5c80000,0x00000000d5d00000)
 ParOldGen       total 684032K, used 251250K [0x0000000080000000, 0x00000000a9c00000, 0x00000000d5580000)
  object space 684032K, 36% used [0x0000000080000000,0x000000008f55c858,0x00000000a9c00000)
 Metaspace       used 89736K, committed 91456K, reserved 1179648K
  class space    used 9478K, committed 10240K, reserved 1048576K
}
Event: 228674.615 GC heap after
{Heap after GC invocations=765 (full 4):
 PSYoungGen      total 2560K, used 96K [0x00000000d5580000, 0x00000000d5d80000, 0x0000000100000000)
  eden space 2048K, 0% used [0x00000000d5580000,0x00000000d5580000,0x00000000d5780000)
  from space 512K, 18% used [0x00000000d5c80000,0x00000000d5c98000,0x00000000d5d00000)
  to   space 512K, 0% used [0x00000000d5d00000,0x00000000d5d00000,0x00000000d5d80000)
 ParOldGen       total 684032K, used 251250K [0x0000000080000000, 0x00000000a9c00000, 0x00000000d5580000)
  object space 684032K, 36% used [0x0000000080000000,0x000000008f55c858,0x00000000a9c00000)
 Metaspace       used 89736K, committed 91456K, reserved 1179648K
  class space    used 9478K, committed 10240K, reserved 1048576K
}
Event: 228709.002 GC heap before
{Heap before GC invocations=766 (full 4):
 PSYoungGen      total 2560K, used 2144K [0x00000000d5580000, 0x00000000d5d80000, 0x0000000100000000)
  eden space 2048K, 100% used [0x00000000d5580000,0x00000000d5780000,0x00000000d5780000)
  from space 512K, 18% used [0x00000000d5c80000,0x00000000d5c98000,0x00000000d5d00000)
  to   space 512K, 0% used [0x00000000d5d00000,0x00000000d5d00000,0x00000000d5d80000)
 ParOldGen       total 684032K, used 251250K [0x0000000080000000, 0x00000000a9c00000, 0x00000000d5580000)
  object space 684032K, 36% used [0x0000000080000000,0x000000008f55c858,0x00000000a9c00000)
 Metaspace       used 89736K, committed 91456K, reserved 1179648K
  class space    used 9478K, committed 10240K, reserved 1048576K
}
Event: 228709.120 GC heap after
{Heap after GC invocations=766 (full 4):
 PSYoungGen      total 2560K, used 224K [0x00000000d5580000, 0x00000000d5d80000, 0x0000000100000000)
  eden space 2048K, 0% used [0x00000000d5580000,0x00000000d5580000,0x00000000d5780000)
  from space 512K, 43% used [0x00000000d5d00000,0x00000000d5d38000,0x00000000d5d80000)
  to   space 512K, 0% used [0x00000000d5c80000,0x00000000d5c80000,0x00000000d5d00000)
 ParOldGen       total 684032K, used 251258K [0x0000000080000000, 0x00000000a9c00000, 0x00000000d5580000)
  object space 684032K, 36% used [0x0000000080000000,0x000000008f55e858,0x00000000a9c00000)
 Metaspace       used 89736K, committed 91456K, reserved 1179648K
  class space    used 9478K, committed 10240K, reserved 1048576K
}

